<?xml version="1.0" encoding="UTF-8"?>
<!-- Generated by org.testng.reporters.JUnitReportReporter -->
<testsuite hostname="K535LTRV" failures="0" tests="2" name="com.ust.contactform.FormTest" time="15.479" errors="0" timestamp="2024-05-06T22:35:23 IST" skipped="0">
  <testcase classname="com.ust.contactform.FormTest" name="mainTest" time="11.044"/>
  <testcase classname="com.ust.contactform.FormTest" name="submit" time="4.435"/>
</testsuite> <!-- com.ust.contactform.FormTest -->
